<?xml version="1.0" encoding="utf-8"?>
<CatapultTargetOutput
  GeneratedTarget="/Output/Sarah_Eager/PDF/Standard/Standard.pdf"
  BuildVersion="17.0.7762.26602">
  <Files>
    <Url
      Source="Output/Sarah_Eager/Temporary/PDF/Standard/Standard_529EBBCB/Resources/Images/Curry-Chicken.jpg" />
    <Url
      Source="Output/Sarah_Eager/Temporary/PDF/Standard/Standard_529EBBCB/Resources/Images/Vegetable-Stock.jpg" />
    <Url
      Source="Output/Sarah_Eager/Temporary/PDF/Standard/Standard_529EBBCB/Resources/Images/Minus.png" />
    <Url
      Source="Output/Sarah_Eager/Temporary/PDF/Standard/Standard_529EBBCB/Resources/Images/Shokupan.jpg" />
    <Url
      Source="Output/Sarah_Eager/Temporary/PDF/Standard/Standard_529EBBCB/Resources/Images/gyudon.jpg" />
    <Url
      Source="Output/Sarah_Eager/Temporary/PDF/Standard/Standard_529EBBCB/Resources/Images/Donabe.jpg" />
    <Url
      Source="Output/Sarah_Eager/Temporary/PDF/Standard/Standard_529EBBCB/Resources/Images/Plus.png" />
    <Url
      Source="Output/Sarah_Eager/Temporary/PDF/Standard/Standard_529EBBCB/Resources/Images/123.jpg" />
    <Url
      Source="Output/Sarah_Eager/Temporary/PDF/Standard/Standard_529EBBCB/Resources/Images/Tamago.jpg" />
    <Url
      Source="Output/Sarah_Eager/Temporary/PDF/Standard/Standard_529EBBCB/Resources/Images/Miso-soup.jpg" />
    <Url
      Source="Output/Sarah_Eager/Temporary/PDF/Standard/Standard_529EBBCB/Resources/Images/tamagoyakipan.jpg" />
    <Url
      Source="Output/Sarah_Eager/Temporary/PDF/Standard/Standard_529EBBCB/Resources/Images/Taiyaki.jpg" />
    <Url
      Source="Output/Sarah_Eager/Temporary/PDF/Standard/Standard_529EBBCB/Resources/Images/Castella-Cake.jpg" />
    <Url
      Source="Output/Sarah_Eager/Temporary/PDF/Standard/Standard_529EBBCB/Resources/Images/Backmatter-Heading-Background.png" />
    <Url
      Source="Output/Sarah_Eager/Temporary/PDF/Standard/Standard_529EBBCB/Resources/Images/Okonomiyaki.jpg" />
    <Url
      Source="Output/Sarah_Eager/Temporary/PDF/Standard/Standard_529EBBCB/Resources/Images/Donabe2.jpg" />
    <Url
      Source="Output/Sarah_Eager/Temporary/PDF/Standard/Standard_529EBBCB/Resources/Images/Ramen.jpg" />
    <Url
      Source="Output/Sarah_Eager/Temporary/PDF/Standard/Standard_529EBBCB/Resources/TableStyles/RecipeInfo.css" />
    <Url
      Source="Output/Sarah_Eager/Temporary/PDF/Standard/Standard_529EBBCB/Resources/Images/Dashi.jpg" />
    <Url
      Source="Output/Sarah_Eager/Temporary/PDF/Standard/Standard_529EBBCB/Resources/Images/Cstock1.jpg" />
    <Url
      Source="Output/Sarah_Eager/Temporary/PDF/Standard/Standard_529EBBCB/Resources/Images/rice.jpg" />
    <Url
      Source="Output/Sarah_Eager/PDF/Standard/Standard.pdf" />
    <Url
      Source="Output/Sarah_Eager/Temporary/PDF/Standard/Standard_529EBBCB/Resources/Images/Yakimeshi.jpg" />
    <Url
      Source="Output/Sarah_Eager/Temporary/PDF/Standard/Standard_529EBBCB/Resources/Images/rice-cooker.jpg" />
    <Url
      Source="Output/Sarah_Eager/Temporary/PDF/Standard/Standard_529EBBCB/Resources/Images/Miso-Ramen-Chicken.jpg" />
    <Url
      Source="Output/Sarah_Eager/Temporary/PDF/Standard/Standard_529EBBCB/Resources/Images/Curry-Vegetable.jpg" />
    <Url
      Source="Output/Sarah_Eager/Temporary/PDF/Standard/Standard_529EBBCB/Resources/Images/Noodles.jpg" />
    <Url
      Source="Output/Sarah_Eager/Temporary/PDF/Standard/Standard_529EBBCB/Resources/Images/Ramen-eggs.jpg" />
    <Url
      Source="Output/Sarah_Eager/Temporary/PDF/Standard/Standard_529EBBCB/Resources/TableStyles/Ingredients.css" />
    <Url
      Source="Output/Sarah_Eager/Temporary/PDF/Standard/Standard_529EBBCB/Resources/Images/Takoyaki.jpg" />
    <Url
      Source="Output/Sarah_Eager/Temporary/PDF/Standard/Standard_529EBBCB/Resources/Images/maxresdefault.jpg" />
    <Url
      Source="Output/Sarah_Eager/Temporary/PDF/Standard/Standard_529EBBCB/Resources/TableStyles/Grid.css" />
    <Url
      Source="Output/Sarah_Eager/Temporary/PDF/Standard/Standard_529EBBCB/Resources/Images/takoyakipan.jpg" />
  </Files>
  <Skins />
</CatapultTargetOutput>